d:\project\astro-update-theme\build\release.dir\debug\vc143.pdb
d:\project\astro-update-theme\build\release.dir\debug\config.obj
d:\project\astro-update-theme\build\release.dir\debug\main.obj
d:\project\astro-update-theme\build\cmakefiles\generate.stamp
d:\project\astro-update-theme\build\debug\release.pdb
d:\project\astro-update-theme\build\release.dir\debug\release.tlog\cl.command.1.tlog
d:\project\astro-update-theme\build\release.dir\debug\release.tlog\cl.read.1.tlog
d:\project\astro-update-theme\build\release.dir\debug\release.tlog\cl.write.1.tlog
d:\project\astro-update-theme\build\release.dir\debug\release.tlog\custombuild.command.1.tlog
d:\project\astro-update-theme\build\release.dir\debug\release.tlog\custombuild.read.1.tlog
d:\project\astro-update-theme\build\release.dir\debug\release.tlog\custombuild.write.1.tlog
d:\project\astro-update-theme\build\release.dir\debug\release.tlog\link-cvtres.read.1.tlog
d:\project\astro-update-theme\build\release.dir\debug\release.tlog\link-cvtres.write.1.tlog
d:\project\astro-update-theme\build\release.dir\debug\release.tlog\link-rc.read.1.tlog
d:\project\astro-update-theme\build\release.dir\debug\release.tlog\link-rc.write.1.tlog
d:\project\astro-update-theme\build\release.dir\debug\release.tlog\link.command.1.tlog
d:\project\astro-update-theme\build\release.dir\debug\release.tlog\link.read.1.tlog
d:\project\astro-update-theme\build\release.dir\debug\release.tlog\link.read.2.tlog
d:\project\astro-update-theme\build\release.dir\debug\release.tlog\link.read.3.tlog
d:\project\astro-update-theme\build\release.dir\debug\release.tlog\link.read.4.tlog
d:\project\astro-update-theme\build\release.dir\debug\release.tlog\link.read.5.tlog
d:\project\astro-update-theme\build\release.dir\debug\release.tlog\link.write.1.tlog
